This file contains any messages produced by compilers while
running configure, to aid debugging if configure makes a mistake.

It was created by libcsv configure 3.0.3, which was
generated by GNU Autoconf 2.65.  Invocation command line was

  $ ./configure 

## --------- ##
## Platform. ##
## --------- ##

hostname = DESKTOP-8HIRMV0
uname -m = x86_64
uname -r = 4.4.0-18362-Microsoft
uname -s = Linux
uname -v = #476-Microsoft Fri Nov 01 16:53:00 PST 2019

/usr/bin/uname -p = unknown
/bin/uname -X     = unknown

/bin/arch              = unknown
/usr/bin/arch -k       = unknown
/usr/convex/getsysinfo = unknown
/usr/bin/hostinfo      = unknown
/bin/machine           = unknown
/usr/bin/oslevel       = unknown
/bin/universe          = unknown

PATH: /usr/local/sbin
PATH: /usr/local/bin
PATH: /usr/sbin
PATH: /usr/bin
PATH: /sbin
PATH: /bin
PATH: /usr/games
PATH: /usr/local/games
PATH: /mnt/c/Program Files/WindowsApps/CanonicalGroupLimited.Ubuntu18.04onWindows_1804.2019.522.0_x64__79rhkp1fndgsc
PATH: /mnt/c/Program Files/Python37/Scripts/
PATH: /mnt/c/Program Files/Python37/
PATH: /mnt/c/Program Files (x86)/Razer Chroma SDK/bin
PATH: /mnt/c/Program Files/Razer Chroma SDK/bin
PATH: /mnt/c/Program Files (x86)/Common Files/Oracle/Java/javapath
PATH: /mnt/c/Windows/system32
PATH: /mnt/c/Windows
PATH: /mnt/c/Windows/System32/Wbem
PATH: /mnt/c/Windows/System32/WindowsPowerShell/v1.0/
PATH: /mnt/c/Windows/System32/OpenSSH/
PATH: /mnt/c/Program Files/NVIDIA Corporation/NVIDIA NvDLISR
PATH: /mnt/c/Program Files (x86)/NVIDIA Corporation/PhysX/Common
PATH: /mnt/c/Users/gmohn/AppData/Local/Microsoft/WindowsApps
PATH: /mnt/c/Program Files/Git/cmd
PATH: /mnt/c/Program Files/MiKTeX 2.9/miktex/bin/x64/
PATH: /mnt/c/Program Files/dotnet/
PATH: /mnt/c/Program Files/PuTTY/
PATH: /mnt/c/WINDOWS/system32
PATH: /mnt/c/WINDOWS
PATH: /mnt/c/WINDOWS/System32/Wbem
PATH: /mnt/c/WINDOWS/System32/WindowsPowerShell/v1.0/
PATH: /mnt/c/WINDOWS/System32/OpenSSH/
PATH: /mnt/c/Users/gmohn/.cargo/bin
PATH: /mnt/c/Users/gmohn/AppData/Local/Programs/Microsoft VS Code/bin
PATH: /mnt/c/Users/gmohn/AppData/Local/GitHubDesktop/bin
PATH: /snap/bin


## ----------- ##
## Core tests. ##
## ----------- ##

configure:2251: checking for a BSD-compatible install
configure:2319: result: /usr/bin/install -c
configure:2330: checking whether build environment is sane
configure:2380: result: yes
configure:2521: checking for a thread-safe mkdir -p
configure:2560: result: /bin/mkdir -p
configure:2573: checking for gawk
configure:2589: found /usr/bin/gawk
configure:2600: result: gawk
configure:2611: checking whether make sets $(MAKE)
configure:2633: result: yes
configure:2761: checking for gcc
configure:2777: found /usr/bin/gcc
configure:2788: result: gcc
configure:3017: checking for C compiler version
configure:3026: gcc --version >&5
gcc (Ubuntu 7.4.0-1ubuntu1~18.04.1) 7.4.0
Copyright (C) 2017 Free Software Foundation, Inc.
This is free software; see the source for copying conditions.  There is NO
warranty; not even for MERCHANTABILITY or FITNESS FOR A PARTICULAR PURPOSE.

configure:3037: $? = 0
configure:3026: gcc -v >&5
Using built-in specs.
COLLECT_GCC=gcc
COLLECT_LTO_WRAPPER=/usr/lib/gcc/x86_64-linux-gnu/7/lto-wrapper
OFFLOAD_TARGET_NAMES=nvptx-none
OFFLOAD_TARGET_DEFAULT=1
Target: x86_64-linux-gnu
Configured with: ../src/configure -v --with-pkgversion='Ubuntu 7.4.0-1ubuntu1~18.04.1' --with-bugurl=file:///usr/share/doc/gcc-7/README.Bugs --enable-languages=c,ada,c++,go,brig,d,fortran,objc,obj-c++ --prefix=/usr --with-gcc-major-version-only --program-suffix=-7 --program-prefix=x86_64-linux-gnu- --enable-shared --enable-linker-build-id --libexecdir=/usr/lib --without-included-gettext --enable-threads=posix --libdir=/usr/lib --enable-nls --with-sysroot=/ --enable-clocale=gnu --enable-libstdcxx-debug --enable-libstdcxx-time=yes --with-default-libstdcxx-abi=new --enable-gnu-unique-object --disable-vtable-verify --enable-libmpx --enable-plugin --enable-default-pie --with-system-zlib --with-target-system-zlib --enable-objc-gc=auto --enable-multiarch --disable-werror --with-arch-32=i686 --with-abi=m64 --with-multilib-list=m32,m64,mx32 --enable-multilib --with-tune=generic --enable-offload-targets=nvptx-none --without-cuda-driver --enable-checking=release --build=x86_64-linux-gnu --host=x86_64-linux-gnu --target=x86_64-linux-gnu
Thread model: posix
gcc version 7.4.0 (Ubuntu 7.4.0-1ubuntu1~18.04.1) 
configure:3037: $? = 0
configure:3026: gcc -V >&5
gcc: error: unrecognized command line option '-V'
gcc: fatal error: no input files
compilation terminated.
configure:3037: $? = 1
configure:3026: gcc -qversion >&5
gcc: error: unrecognized command line option '-qversion'; did you mean '--version'?
gcc: fatal error: no input files
compilation terminated.
configure:3037: $? = 1
configure:3057: checking whether the C compiler works
configure:3079: gcc    conftest.c  >&5
configure:3083: $? = 0
configure:3132: result: yes
configure:3135: checking for C compiler default output file name
configure:3137: result: a.out
configure:3143: checking for suffix of executables
configure:3150: gcc -o conftest    conftest.c  >&5
configure:3154: $? = 0
configure:3176: result: 
configure:3198: checking whether we are cross compiling
configure:3206: gcc -o conftest    conftest.c  >&5
configure:3210: $? = 0
configure:3217: ./conftest
configure:3221: $? = 0
configure:3236: result: no
configure:3241: checking for suffix of object files
configure:3263: gcc -c   conftest.c >&5
configure:3267: $? = 0
configure:3288: result: o
configure:3292: checking whether we are using the GNU C compiler
configure:3311: gcc -c   conftest.c >&5
configure:3311: $? = 0
configure:3320: result: yes
configure:3329: checking whether gcc accepts -g
configure:3349: gcc -c -g  conftest.c >&5
configure:3349: $? = 0
configure:3390: result: yes
configure:3407: checking for gcc option to accept ISO C89
configure:3471: gcc  -c -g -O2  conftest.c >&5
configure:3471: $? = 0
configure:3484: result: none needed
configure:3515: checking for style of include used by make
configure:3543: result: GNU
configure:3568: checking dependency style of gcc
configure:3678: result: gcc3
configure:3723: checking build system type
configure:3737: result: x86_64-unknown-linux-gnu
configure:3757: checking host system type
configure:3770: result: x86_64-unknown-linux-gnu
configure:3790: checking for a sed that does not truncate output
configure:3854: result: /bin/sed
configure:3872: checking for grep that handles long lines and -e
configure:3930: result: /bin/grep
configure:3935: checking for egrep
configure:3997: result: /bin/grep -E
configure:4002: checking for fgrep
configure:4064: result: /bin/grep -F
configure:4099: checking for ld used by gcc
configure:4166: result: /usr/bin/ld
configure:4173: checking if the linker (/usr/bin/ld) is GNU ld
configure:4188: result: yes
configure:4200: checking for BSD- or MS-compatible name lister (nm)
configure:4249: result: /usr/bin/nm -B
configure:4367: checking the name lister (/usr/bin/nm -B) interface
configure:4374: gcc -c -g -O2  conftest.c >&5
configure:4377: /usr/bin/nm -B "conftest.o"
configure:4380: output
0000000000000000 B some_variable
configure:4387: result: BSD nm
configure:4390: checking whether ln -s works
configure:4394: result: yes
configure:4402: checking the maximum length of command line arguments
configure:4522: result: 1572864
configure:4539: checking whether the shell understands some XSI constructs
configure:4549: result: yes
configure:4553: checking whether the shell understands "+="
configure:4559: result: yes
configure:4594: checking for /usr/bin/ld option to reload object files
configure:4601: result: -r
configure:4670: checking for objdump
configure:4686: found /usr/bin/objdump
configure:4697: result: objdump
configure:4729: checking how to recognize dependent libraries
configure:4925: result: pass_all
configure:4985: checking for ar
configure:5001: found /usr/bin/ar
configure:5012: result: ar
configure:5090: checking for strip
configure:5106: found /usr/bin/strip
configure:5117: result: strip
configure:5189: checking for ranlib
configure:5205: found /usr/bin/ranlib
configure:5216: result: ranlib
configure:5306: checking command to parse /usr/bin/nm -B output from gcc object
configure:5424: gcc -c -g -O2  conftest.c >&5
configure:5427: $? = 0
configure:5431: /usr/bin/nm -B conftest.o \| sed -n -e 's/^.*[	 ]\([ABCDGIRSTW][ABCDGIRSTW]*\)[	 ][	 ]*\([_A-Za-z][_A-Za-z0-9]*\)$/\1 \2 \2/p' \> conftest.nm
configure:5434: $? = 0
configure:5488: gcc -o conftest -g -O2   conftest.c conftstm.o >&5
configure:5491: $? = 0
configure:5529: result: ok
configure:5625: gcc -c -g -O2  conftest.c >&5
configure:5628: $? = 0
configure:6338: checking how to run the C preprocessor
configure:6369: gcc -E  conftest.c
configure:6369: $? = 0
configure:6383: gcc -E  conftest.c
conftest.c:11:10: fatal error: ac_nonexistent.h: No such file or directory
 #include <ac_nonexistent.h>
          ^~~~~~~~~~~~~~~~~~
compilation terminated.
configure:6383: $? = 1
configure: failed program was:
| /* confdefs.h */
| #define PACKAGE_NAME "libcsv"
| #define PACKAGE_TARNAME "libcsv"
| #define PACKAGE_VERSION "3.0.3"
| #define PACKAGE_STRING "libcsv 3.0.3"
| #define PACKAGE_BUGREPORT "rgamble@users.sourceforge.net"
| #define PACKAGE_URL "http://sourceforge.net/projects/libcsv/"
| #define PACKAGE "libcsv"
| #define VERSION "3.0.3"
| /* end confdefs.h.  */
| #include <ac_nonexistent.h>
configure:6408: result: gcc -E
configure:6428: gcc -E  conftest.c
configure:6428: $? = 0
configure:6442: gcc -E  conftest.c
conftest.c:11:10: fatal error: ac_nonexistent.h: No such file or directory
 #include <ac_nonexistent.h>
          ^~~~~~~~~~~~~~~~~~
compilation terminated.
configure:6442: $? = 1
configure: failed program was:
| /* confdefs.h */
| #define PACKAGE_NAME "libcsv"
| #define PACKAGE_TARNAME "libcsv"
| #define PACKAGE_VERSION "3.0.3"
| #define PACKAGE_STRING "libcsv 3.0.3"
| #define PACKAGE_BUGREPORT "rgamble@users.sourceforge.net"
| #define PACKAGE_URL "http://sourceforge.net/projects/libcsv/"
| #define PACKAGE "libcsv"
| #define VERSION "3.0.3"
| /* end confdefs.h.  */
| #include <ac_nonexistent.h>
configure:6471: checking for ANSI C header files
configure:6491: gcc -c -g -O2  conftest.c >&5
configure:6491: $? = 0
configure:6564: gcc -o conftest -g -O2   conftest.c  >&5
configure:6564: $? = 0
configure:6564: ./conftest
configure:6564: $? = 0
configure:6575: result: yes
configure:6588: checking for sys/types.h
configure:6588: gcc -c -g -O2  conftest.c >&5
configure:6588: $? = 0
configure:6588: result: yes
configure:6588: checking for sys/stat.h
configure:6588: gcc -c -g -O2  conftest.c >&5
configure:6588: $? = 0
configure:6588: result: yes
configure:6588: checking for stdlib.h
configure:6588: gcc -c -g -O2  conftest.c >&5
configure:6588: $? = 0
configure:6588: result: yes
configure:6588: checking for string.h
configure:6588: gcc -c -g -O2  conftest.c >&5
configure:6588: $? = 0
configure:6588: result: yes
configure:6588: checking for memory.h
configure:6588: gcc -c -g -O2  conftest.c >&5
configure:6588: $? = 0
configure:6588: result: yes
configure:6588: checking for strings.h
configure:6588: gcc -c -g -O2  conftest.c >&5
configure:6588: $? = 0
configure:6588: result: yes
configure:6588: checking for inttypes.h
configure:6588: gcc -c -g -O2  conftest.c >&5
configure:6588: $? = 0
configure:6588: result: yes
configure:6588: checking for stdint.h
configure:6588: gcc -c -g -O2  conftest.c >&5
configure:6588: $? = 0
configure:6588: result: yes
configure:6588: checking for unistd.h
configure:6588: gcc -c -g -O2  conftest.c >&5
configure:6588: $? = 0
configure:6588: result: yes
configure:6603: checking for dlfcn.h
configure:6603: gcc -c -g -O2  conftest.c >&5
configure:6603: $? = 0
configure:6603: result: yes
configure:6787: checking for objdir
configure:6802: result: .libs
configure:7098: checking if gcc supports -fno-rtti -fno-exceptions
configure:7116: gcc -c -g -O2  -fno-rtti -fno-exceptions conftest.c >&5
cc1: warning: command line option '-fno-rtti' is valid for C++/ObjC++ but not for C
configure:7120: $? = 0
configure:7133: result: no
configure:7153: checking for gcc option to produce PIC
configure:7425: result: -fPIC -DPIC
configure:7437: checking if gcc PIC flag -fPIC -DPIC works
configure:7455: gcc -c -g -O2  -fPIC -DPIC -DPIC conftest.c >&5
configure:7459: $? = 0
configure:7472: result: yes
configure:7496: checking if gcc static flag -static works
configure:7524: result: yes
configure:7539: checking if gcc supports -c -o file.o
configure:7560: gcc -c -g -O2  -o out/conftest2.o conftest.c >&5
configure:7564: $? = 0
configure:7586: result: yes
configure:7594: checking if gcc supports -c -o file.o
configure:7641: result: yes
configure:7674: checking whether the gcc linker (/usr/bin/ld -m elf_x86_64) supports shared libraries
configure:8665: result: yes
configure:8702: checking whether -lc should be explicitly linked in
configure:8707: gcc -c -g -O2  conftest.c >&5
configure:8710: $? = 0
configure:8725: gcc -shared conftest.o  -v -Wl,-soname -Wl,conftest -o conftest 2\>\&1 \| /bin/grep  -lc  \>/dev/null 2\>\&1
configure:8728: $? = 0
configure:8740: result: no
configure:8904: checking dynamic linker characteristics
configure:9337: gcc -o conftest -g -O2   -Wl,-rpath -Wl,/foo conftest.c  >&5
configure:9337: $? = 0
configure:9567: result: GNU/Linux ld.so
configure:9669: checking how to hardcode library paths into programs
configure:9694: result: immediate
configure:10214: checking whether stripping libraries is possible
configure:10219: result: yes
configure:10254: checking if libtool supports shared libraries
configure:10256: result: yes
configure:10259: checking whether to build shared libraries
configure:10280: result: yes
configure:10283: checking whether to build static libraries
configure:10287: result: yes
configure:10481: creating ./config.status

## ---------------------- ##
## Running config.status. ##
## ---------------------- ##

This file was extended by libcsv config.status 3.0.3, which was
generated by GNU Autoconf 2.65.  Invocation command line was

  CONFIG_FILES    = 
  CONFIG_HEADERS  = 
  CONFIG_LINKS    = 
  CONFIG_COMMANDS = 
  $ ./config.status 

on DESKTOP-8HIRMV0

config.status:986: creating Makefile
config.status:1149: executing depfiles commands
config.status:1149: executing libtool commands

## ---------------- ##
## Cache variables. ##
## ---------------- ##

ac_cv_build=x86_64-unknown-linux-gnu
ac_cv_c_compiler_gnu=yes
ac_cv_env_CC_set=
ac_cv_env_CC_value=
ac_cv_env_CFLAGS_set=
ac_cv_env_CFLAGS_value=
ac_cv_env_CPPFLAGS_set=
ac_cv_env_CPPFLAGS_value=
ac_cv_env_CPP_set=
ac_cv_env_CPP_value=
ac_cv_env_LDFLAGS_set=
ac_cv_env_LDFLAGS_value=
ac_cv_env_LIBS_set=
ac_cv_env_LIBS_value=
ac_cv_env_build_alias_set=
ac_cv_env_build_alias_value=
ac_cv_env_host_alias_set=
ac_cv_env_host_alias_value=
ac_cv_env_target_alias_set=
ac_cv_env_target_alias_value=
ac_cv_header_dlfcn_h=yes
ac_cv_header_inttypes_h=yes
ac_cv_header_memory_h=yes
ac_cv_header_stdc=yes
ac_cv_header_stdint_h=yes
ac_cv_header_stdlib_h=yes
ac_cv_header_string_h=yes
ac_cv_header_strings_h=yes
ac_cv_header_sys_stat_h=yes
ac_cv_header_sys_types_h=yes
ac_cv_header_unistd_h=yes
ac_cv_host=x86_64-unknown-linux-gnu
ac_cv_objext=o
ac_cv_path_EGREP='/bin/grep -E'
ac_cv_path_FGREP='/bin/grep -F'
ac_cv_path_GREP=/bin/grep
ac_cv_path_SED=/bin/sed
ac_cv_path_install='/usr/bin/install -c'
ac_cv_path_mkdir=/bin/mkdir
ac_cv_prog_AWK=gawk
ac_cv_prog_CPP='gcc -E'
ac_cv_prog_ac_ct_AR=ar
ac_cv_prog_ac_ct_CC=gcc
ac_cv_prog_ac_ct_OBJDUMP=objdump
ac_cv_prog_ac_ct_RANLIB=ranlib
ac_cv_prog_ac_ct_STRIP=strip
ac_cv_prog_cc_c89=
ac_cv_prog_cc_g=yes
ac_cv_prog_make_make_set=yes
am_cv_CC_dependencies_compiler_type=gcc3
lt_cv_deplibs_check_method=pass_all
lt_cv_file_magic_cmd='$MAGIC_CMD'
lt_cv_file_magic_test_file=
lt_cv_ld_reload_flag=-r
lt_cv_nm_interface='BSD nm'
lt_cv_objdir=.libs
lt_cv_path_LD=/usr/bin/ld
lt_cv_path_NM='/usr/bin/nm -B'
lt_cv_prog_compiler_c_o=yes
lt_cv_prog_compiler_pic_works=yes
lt_cv_prog_compiler_rtti_exceptions=no
lt_cv_prog_compiler_static_works=yes
lt_cv_prog_gnu_ld=yes
lt_cv_sys_global_symbol_pipe='sed -n -e '\''s/^.*[	 ]\([ABCDGIRSTW][ABCDGIRSTW]*\)[	 ][	 ]*\([_A-Za-z][_A-Za-z0-9]*\)$/\1 \2 \2/p'\'''
lt_cv_sys_global_symbol_to_c_name_address='sed -n -e '\''s/^: \([^ ]*\) $/  {\"\1\", (void *) 0},/p'\'' -e '\''s/^[ABCDGIRSTW]* \([^ ]*\) \([^ ]*\)$/  {"\2", (void *) \&\2},/p'\'''
lt_cv_sys_global_symbol_to_c_name_address_lib_prefix='sed -n -e '\''s/^: \([^ ]*\) $/  {\"\1\", (void *) 0},/p'\'' -e '\''s/^[ABCDGIRSTW]* \([^ ]*\) \(lib[^ ]*\)$/  {"\2", (void *) \&\2},/p'\'' -e '\''s/^[ABCDGIRSTW]* \([^ ]*\) \([^ ]*\)$/  {"lib\2", (void *) \&\2},/p'\'''
lt_cv_sys_global_symbol_to_cdecl='sed -n -e '\''s/^T .* \(.*\)$/extern int \1();/p'\'' -e '\''s/^[ABCDGIRSTW]* .* \(.*\)$/extern char \1;/p'\'''
lt_cv_sys_max_cmd_len=1572864

## ----------------- ##
## Output variables. ##
## ----------------- ##

ACLOCAL='${SHELL} /mnt/c/Users/gmohn/Documents/GitHub/proj4/libcsv-3.0.3/missing --run aclocal-1.11'
AMDEPBACKSLASH='\'
AMDEP_FALSE='#'
AMDEP_TRUE=''
AMTAR='${SHELL} /mnt/c/Users/gmohn/Documents/GitHub/proj4/libcsv-3.0.3/missing --run tar'
AR='ar'
AUTOCONF='${SHELL} /mnt/c/Users/gmohn/Documents/GitHub/proj4/libcsv-3.0.3/missing --run autoconf'
AUTOHEADER='${SHELL} /mnt/c/Users/gmohn/Documents/GitHub/proj4/libcsv-3.0.3/missing --run autoheader'
AUTOMAKE='${SHELL} /mnt/c/Users/gmohn/Documents/GitHub/proj4/libcsv-3.0.3/missing --run automake-1.11'
AWK='gawk'
CC='gcc'
CCDEPMODE='depmode=gcc3'
CFLAGS='-g -O2'
CPP='gcc -E'
CPPFLAGS=''
CYGPATH_W='echo'
DEFS='-DPACKAGE_NAME=\"libcsv\" -DPACKAGE_TARNAME=\"libcsv\" -DPACKAGE_VERSION=\"3.0.3\" -DPACKAGE_STRING=\"libcsv\ 3.0.3\" -DPACKAGE_BUGREPORT=\"rgamble@users.sourceforge.net\" -DPACKAGE_URL=\"http://sourceforge.net/projects/libcsv/\" -DPACKAGE=\"libcsv\" -DVERSION=\"3.0.3\" -DSTDC_HEADERS=1 -DHAVE_SYS_TYPES_H=1 -DHAVE_SYS_STAT_H=1 -DHAVE_STDLIB_H=1 -DHAVE_STRING_H=1 -DHAVE_MEMORY_H=1 -DHAVE_STRINGS_H=1 -DHAVE_INTTYPES_H=1 -DHAVE_STDINT_H=1 -DHAVE_UNISTD_H=1 -DHAVE_DLFCN_H=1 -DLT_OBJDIR=\".libs/\"'
DEPDIR='.deps'
DSYMUTIL=''
DUMPBIN=''
ECHO_C=''
ECHO_N='-n'
ECHO_T=''
EGREP='/bin/grep -E'
EXEEXT=''
FGREP='/bin/grep -F'
GREP='/bin/grep'
INSTALL_DATA='${INSTALL} -m 644'
INSTALL_PROGRAM='${INSTALL}'
INSTALL_SCRIPT='${INSTALL}'
INSTALL_STRIP_PROGRAM='$(install_sh) -c -s'
LD='/usr/bin/ld -m elf_x86_64'
LDFLAGS=''
LIBOBJS=''
LIBS=''
LIBTOOL='$(SHELL) $(top_builddir)/libtool'
LIPO=''
LN_S='ln -s'
LTLIBOBJS=''
MAKEINFO='${SHELL} /mnt/c/Users/gmohn/Documents/GitHub/proj4/libcsv-3.0.3/missing --run makeinfo'
MKDIR_P='/bin/mkdir -p'
NM='/usr/bin/nm -B'
NMEDIT=''
OBJDUMP='objdump'
OBJEXT='o'
OTOOL64=''
OTOOL=''
PACKAGE='libcsv'
PACKAGE_BUGREPORT='rgamble@users.sourceforge.net'
PACKAGE_NAME='libcsv'
PACKAGE_STRING='libcsv 3.0.3'
PACKAGE_TARNAME='libcsv'
PACKAGE_URL='http://sourceforge.net/projects/libcsv/'
PACKAGE_VERSION='3.0.3'
PATH_SEPARATOR=':'
RANLIB='ranlib'
SED='/bin/sed'
SET_MAKE=''
SHELL='/bin/bash'
STRIP='strip'
VERSION='3.0.3'
ac_ct_CC='gcc'
ac_ct_DUMPBIN=''
am__EXEEXT_FALSE=''
am__EXEEXT_TRUE='#'
am__fastdepCC_FALSE='#'
am__fastdepCC_TRUE=''
am__include='include'
am__isrc=''
am__leading_dot='.'
am__quote=''
am__tar='${AMTAR} chof - "$$tardir"'
am__untar='${AMTAR} xf -'
bindir='${exec_prefix}/bin'
build='x86_64-unknown-linux-gnu'
build_alias=''
build_cpu='x86_64'
build_os='linux-gnu'
build_vendor='unknown'
datadir='${datarootdir}'
datarootdir='${prefix}/share'
docdir='${datarootdir}/doc/${PACKAGE_TARNAME}'
dvidir='${docdir}'
exec_prefix='${prefix}'
host='x86_64-unknown-linux-gnu'
host_alias=''
host_cpu='x86_64'
host_os='linux-gnu'
host_vendor='unknown'
htmldir='${docdir}'
includedir='${prefix}/include'
infodir='${datarootdir}/info'
install_sh='${SHELL} /mnt/c/Users/gmohn/Documents/GitHub/proj4/libcsv-3.0.3/install-sh'
libdir='${exec_prefix}/lib'
libexecdir='${exec_prefix}/libexec'
localedir='${datarootdir}/locale'
localstatedir='${prefix}/var'
lt_ECHO='echo'
mandir='${datarootdir}/man'
mkdir_p='/bin/mkdir -p'
oldincludedir='/usr/include'
pdfdir='${docdir}'
prefix='/usr/local'
program_transform_name='s,x,x,'
psdir='${docdir}'
sbindir='${exec_prefix}/sbin'
sharedstatedir='${prefix}/com'
sysconfdir='${prefix}/etc'
target_alias=''

## ----------- ##
## confdefs.h. ##
## ----------- ##

/* confdefs.h */
#define PACKAGE_NAME "libcsv"
#define PACKAGE_TARNAME "libcsv"
#define PACKAGE_VERSION "3.0.3"
#define PACKAGE_STRING "libcsv 3.0.3"
#define PACKAGE_BUGREPORT "rgamble@users.sourceforge.net"
#define PACKAGE_URL "http://sourceforge.net/projects/libcsv/"
#define PACKAGE "libcsv"
#define VERSION "3.0.3"
#define STDC_HEADERS 1
#define HAVE_SYS_TYPES_H 1
#define HAVE_SYS_STAT_H 1
#define HAVE_STDLIB_H 1
#define HAVE_STRING_H 1
#define HAVE_MEMORY_H 1
#define HAVE_STRINGS_H 1
#define HAVE_INTTYPES_H 1
#define HAVE_STDINT_H 1
#define HAVE_UNISTD_H 1
#define HAVE_DLFCN_H 1
#define LT_OBJDIR ".libs/"

configure: exit 0
